Compiling the CXX compiler identification source file "CMakeCXXCompilerId.cpp" failed.
Compiler: /Applications/Xcode.app/Contents/Developer/Toolchains/XcodeDefault.xctoolchain/usr/bin/c++ 
Build flags: 
Id flags:  

The output was:
1
ld: library not found for -lc++
clang: error: linker command failed with exit code 1 (use -v to see invocation)


Compiling the C compiler identification source file "CMakeCCompilerId.c" failed.
Compiler: /Applications/Xcode.app/Contents/Developer/Toolchains/XcodeDefault.xctoolchain/usr/bin/cc 
Build flags: 
Id flags:  

The output was:
1
ld: library not found for -lSystem
clang: error: linker command failed with exit code 1 (use -v to see invocation)


Compilation failed:
    source file: '/Users/parkgeonwoo/Documents/document/2022-2/ComputerVision/opencv-3.4.11/cmake/checks/cxx11.cpp'
    check option: ''
===== BUILD LOG =====
Change Dir: /Users/parkgeonwoo/Documents/document/2022-2/ComputerVision/opencv-3.4.11/build/CMakeFiles/CMakeTmp

Run Build Command(s):/usr/bin/make -f Makefile cmTC_c2f4c/fast && /Applications/Xcode.app/Contents/Developer/usr/bin/make  -f CMakeFiles/cmTC_c2f4c.dir/build.make CMakeFiles/cmTC_c2f4c.dir/build
Building CXX object CMakeFiles/cmTC_c2f4c.dir/cxx11.cpp.o
/Applications/Xcode.app/Contents/Developer/Toolchains/XcodeDefault.xctoolchain/usr/bin/c++   -arch x86_64 -isysroot /Applications/Xcode.app/Contents/Developer/Platforms/MacOSX.platform/Developer/SDKs/MacOSX12.3.sdk -fPIE -MD -MT CMakeFiles/cmTC_c2f4c.dir/cxx11.cpp.o -MF CMakeFiles/cmTC_c2f4c.dir/cxx11.cpp.o.d -o CMakeFiles/cmTC_c2f4c.dir/cxx11.cpp.o -c /Users/parkgeonwoo/Documents/document/2022-2/ComputerVision/opencv-3.4.11/cmake/checks/cxx11.cpp
/Users/parkgeonwoo/Documents/document/2022-2/ComputerVision/opencv-3.4.11/cmake/checks/cxx11.cpp:4:2: error: "C++11 is not supported"
#error "C++11 is not supported"
 ^
/Users/parkgeonwoo/Documents/document/2022-2/ComputerVision/opencv-3.4.11/cmake/checks/cxx11.cpp:11:5: warning: 'auto' type specifier is a C++11 extension [-Wc++11-extensions]
    auto res = test();
    ^
1 warning and 1 error generated.
make[1]: *** [CMakeFiles/cmTC_c2f4c.dir/cxx11.cpp.o] Error 1
make: *** [cmTC_c2f4c/fast] Error 2


===== END =====

Compilation failed:
    source file: '/Users/parkgeonwoo/Documents/document/2022-2/ComputerVision/opencv-3.4.11/cmake/checks/cpu_popcnt.cpp'
    check option: ''
===== BUILD LOG =====
Change Dir: /Users/parkgeonwoo/Documents/document/2022-2/ComputerVision/opencv-3.4.11/build/CMakeFiles/CMakeTmp

Run Build Command(s):/usr/bin/make -f Makefile cmTC_9fdb1/fast && /Applications/Xcode.app/Contents/Developer/usr/bin/make  -f CMakeFiles/cmTC_9fdb1.dir/build.make CMakeFiles/cmTC_9fdb1.dir/build
Building CXX object CMakeFiles/cmTC_9fdb1.dir/cpu_popcnt.cpp.o
/Applications/Xcode.app/Contents/Developer/Toolchains/XcodeDefault.xctoolchain/usr/bin/c++   -O3 -DNDEBUG -arch x86_64 -isysroot /Applications/Xcode.app/Contents/Developer/Platforms/MacOSX.platform/Developer/SDKs/MacOSX12.3.sdk -fPIE -MD -MT CMakeFiles/cmTC_9fdb1.dir/cpu_popcnt.cpp.o -MF CMakeFiles/cmTC_9fdb1.dir/cpu_popcnt.cpp.o.d -o CMakeFiles/cmTC_9fdb1.dir/cpu_popcnt.cpp.o -c /Users/parkgeonwoo/Documents/document/2022-2/ComputerVision/opencv-3.4.11/cmake/checks/cpu_popcnt.cpp
/Users/parkgeonwoo/Documents/document/2022-2/ComputerVision/opencv-3.4.11/cmake/checks/cpu_popcnt.cpp:14:4: error: "__POPCNT__ is not defined by compiler"
#  error "__POPCNT__ is not defined by compiler"
   ^
/Users/parkgeonwoo/Documents/document/2022-2/ComputerVision/opencv-3.4.11/cmake/checks/cpu_popcnt.cpp:22:13: error: use of undeclared identifier 'CV_POPCNT_U32'
    int j = CV_POPCNT_U32(1);
            ^
2 errors generated.
make[1]: *** [CMakeFiles/cmTC_9fdb1.dir/cpu_popcnt.cpp.o] Error 1
make: *** [cmTC_9fdb1/fast] Error 2


===== END =====

Compilation failed:
    source file: '/Users/parkgeonwoo/Documents/document/2022-2/ComputerVision/opencv-3.4.11/cmake/checks/cpu_sse42.cpp'
    check option: ''
===== BUILD LOG =====
Change Dir: /Users/parkgeonwoo/Documents/document/2022-2/ComputerVision/opencv-3.4.11/build/CMakeFiles/CMakeTmp

Run Build Command(s):/usr/bin/make -f Makefile cmTC_099c9/fast && /Applications/Xcode.app/Contents/Developer/usr/bin/make  -f CMakeFiles/cmTC_099c9.dir/build.make CMakeFiles/cmTC_099c9.dir/build
Building CXX object CMakeFiles/cmTC_099c9.dir/cpu_sse42.cpp.o
/Applications/Xcode.app/Contents/Developer/Toolchains/XcodeDefault.xctoolchain/usr/bin/c++   -O3 -DNDEBUG -arch x86_64 -isysroot /Applications/Xcode.app/Contents/Developer/Platforms/MacOSX.platform/Developer/SDKs/MacOSX12.3.sdk -fPIE -MD -MT CMakeFiles/cmTC_099c9.dir/cpu_sse42.cpp.o -MF CMakeFiles/cmTC_099c9.dir/cpu_sse42.cpp.o.d -o CMakeFiles/cmTC_099c9.dir/cpu_sse42.cpp.o -c /Users/parkgeonwoo/Documents/document/2022-2/ComputerVision/opencv-3.4.11/cmake/checks/cpu_sse42.cpp
/Users/parkgeonwoo/Documents/document/2022-2/ComputerVision/opencv-3.4.11/cmake/checks/cpu_sse42.cpp:5:24: error: always_inline function '_mm_crc32_u8' requires target feature 'sse4.2', but would be inlined into function 'main' that is compiled without support for 'sse4.2'
    unsigned int res = _mm_crc32_u8(1, 2);
                       ^
1 error generated.
make[1]: *** [CMakeFiles/cmTC_099c9.dir/cpu_sse42.cpp.o] Error 1
make: *** [cmTC_099c9/fast] Error 2


===== END =====

Compilation failed:
    source file: '/Users/parkgeonwoo/Documents/document/2022-2/ComputerVision/opencv-3.4.11/cmake/checks/cpu_fp16.cpp'
    check option: ''
===== BUILD LOG =====
Change Dir: /Users/parkgeonwoo/Documents/document/2022-2/ComputerVision/opencv-3.4.11/build/CMakeFiles/CMakeTmp

Run Build Command(s):/usr/bin/make -f Makefile cmTC_ff917/fast && /Applications/Xcode.app/Contents/Developer/usr/bin/make  -f CMakeFiles/cmTC_ff917.dir/build.make CMakeFiles/cmTC_ff917.dir/build
Building CXX object CMakeFiles/cmTC_ff917.dir/cpu_fp16.cpp.o
/Applications/Xcode.app/Contents/Developer/Toolchains/XcodeDefault.xctoolchain/usr/bin/c++   -O3 -DNDEBUG -arch x86_64 -isysroot /Applications/Xcode.app/Contents/Developer/Platforms/MacOSX.platform/Developer/SDKs/MacOSX12.3.sdk -fPIE -MD -MT CMakeFiles/cmTC_ff917.dir/cpu_fp16.cpp.o -MF CMakeFiles/cmTC_ff917.dir/cpu_fp16.cpp.o.d -o CMakeFiles/cmTC_ff917.dir/cpu_fp16.cpp.o -c /Users/parkgeonwoo/Documents/document/2022-2/ComputerVision/opencv-3.4.11/cmake/checks/cpu_fp16.cpp
/Users/parkgeonwoo/Documents/document/2022-2/ComputerVision/opencv-3.4.11/cmake/checks/cpu_fp16.cpp:26:2: error: "FP16 is not supported"
#error "FP16 is not supported"
 ^
/Users/parkgeonwoo/Documents/document/2022-2/ComputerVision/opencv-3.4.11/cmake/checks/cpu_fp16.cpp:31:18: error: use of undeclared identifier 'test'
  printf("%d\n", test());
                 ^
2 errors generated.
make[1]: *** [CMakeFiles/cmTC_ff917.dir/cpu_fp16.cpp.o] Error 1
make: *** [cmTC_ff917/fast] Error 2


===== END =====

Compilation failed:
    source file: '/Users/parkgeonwoo/Documents/document/2022-2/ComputerVision/opencv-3.4.11/cmake/checks/cpu_avx.cpp'
    check option: ''
===== BUILD LOG =====
Change Dir: /Users/parkgeonwoo/Documents/document/2022-2/ComputerVision/opencv-3.4.11/build/CMakeFiles/CMakeTmp

Run Build Command(s):/usr/bin/make -f Makefile cmTC_b939d/fast && /Applications/Xcode.app/Contents/Developer/usr/bin/make  -f CMakeFiles/cmTC_b939d.dir/build.make CMakeFiles/cmTC_b939d.dir/build
Building CXX object CMakeFiles/cmTC_b939d.dir/cpu_avx.cpp.o
/Applications/Xcode.app/Contents/Developer/Toolchains/XcodeDefault.xctoolchain/usr/bin/c++   -O3 -DNDEBUG -arch x86_64 -isysroot /Applications/Xcode.app/Contents/Developer/Platforms/MacOSX.platform/Developer/SDKs/MacOSX12.3.sdk -fPIE -MD -MT CMakeFiles/cmTC_b939d.dir/cpu_avx.cpp.o -MF CMakeFiles/cmTC_b939d.dir/cpu_avx.cpp.o.d -o CMakeFiles/cmTC_b939d.dir/cpu_avx.cpp.o -c /Users/parkgeonwoo/Documents/document/2022-2/ComputerVision/opencv-3.4.11/cmake/checks/cpu_avx.cpp
/Users/parkgeonwoo/Documents/document/2022-2/ComputerVision/opencv-3.4.11/cmake/checks/cpu_avx.cpp:2:2: error: "__AVX__ define is missing"
#error "__AVX__ define is missing"
 ^
1 error generated.
make[1]: *** [CMakeFiles/cmTC_b939d.dir/cpu_avx.cpp.o] Error 1
make: *** [cmTC_b939d/fast] Error 2


===== END =====

Compilation failed:
    source file: '/Users/parkgeonwoo/Documents/document/2022-2/ComputerVision/opencv-3.4.11/cmake/checks/cpu_avx2.cpp'
    check option: ''
===== BUILD LOG =====
Change Dir: /Users/parkgeonwoo/Documents/document/2022-2/ComputerVision/opencv-3.4.11/build/CMakeFiles/CMakeTmp

Run Build Command(s):/usr/bin/make -f Makefile cmTC_d4553/fast && /Applications/Xcode.app/Contents/Developer/usr/bin/make  -f CMakeFiles/cmTC_d4553.dir/build.make CMakeFiles/cmTC_d4553.dir/build
Building CXX object CMakeFiles/cmTC_d4553.dir/cpu_avx2.cpp.o
/Applications/Xcode.app/Contents/Developer/Toolchains/XcodeDefault.xctoolchain/usr/bin/c++   -O3 -DNDEBUG -arch x86_64 -isysroot /Applications/Xcode.app/Contents/Developer/Platforms/MacOSX.platform/Developer/SDKs/MacOSX12.3.sdk -fPIE -MD -MT CMakeFiles/cmTC_d4553.dir/cpu_avx2.cpp.o -MF CMakeFiles/cmTC_d4553.dir/cpu_avx2.cpp.o.d -o CMakeFiles/cmTC_d4553.dir/cpu_avx2.cpp.o -c /Users/parkgeonwoo/Documents/document/2022-2/ComputerVision/opencv-3.4.11/cmake/checks/cpu_avx2.cpp
/Users/parkgeonwoo/Documents/document/2022-2/ComputerVision/opencv-3.4.11/cmake/checks/cpu_avx2.cpp:2:2: error: "__AVX2__ define is missing"
#error "__AVX2__ define is missing"
 ^
1 error generated.
make[1]: *** [CMakeFiles/cmTC_d4553.dir/cpu_avx2.cpp.o] Error 1
make: *** [cmTC_d4553/fast] Error 2


===== END =====

Compilation failed:
    source file: '/Users/parkgeonwoo/Documents/document/2022-2/ComputerVision/opencv-3.4.11/cmake/checks/cpu_avx512.cpp'
    check option: ''
===== BUILD LOG =====
Change Dir: /Users/parkgeonwoo/Documents/document/2022-2/ComputerVision/opencv-3.4.11/build/CMakeFiles/CMakeTmp

Run Build Command(s):/usr/bin/make -f Makefile cmTC_2f020/fast && /Applications/Xcode.app/Contents/Developer/usr/bin/make  -f CMakeFiles/cmTC_2f020.dir/build.make CMakeFiles/cmTC_2f020.dir/build
Building CXX object CMakeFiles/cmTC_2f020.dir/cpu_avx512.cpp.o
/Applications/Xcode.app/Contents/Developer/Toolchains/XcodeDefault.xctoolchain/usr/bin/c++   -O3 -DNDEBUG -arch x86_64 -isysroot /Applications/Xcode.app/Contents/Developer/Platforms/MacOSX.platform/Developer/SDKs/MacOSX12.3.sdk -fPIE -MD -MT CMakeFiles/cmTC_2f020.dir/cpu_avx512.cpp.o -MF CMakeFiles/cmTC_2f020.dir/cpu_avx512.cpp.o.d -o CMakeFiles/cmTC_2f020.dir/cpu_avx512.cpp.o -c /Users/parkgeonwoo/Documents/document/2022-2/ComputerVision/opencv-3.4.11/cmake/checks/cpu_avx512.cpp
/Users/parkgeonwoo/Documents/document/2022-2/ComputerVision/opencv-3.4.11/cmake/checks/cpu_avx512.cpp:11:2: error: "AVX512 is not supported"
#error "AVX512 is not supported"
 ^
1 error generated.
make[1]: *** [CMakeFiles/cmTC_2f020.dir/cpu_avx512.cpp.o] Error 1
make: *** [cmTC_2f020/fast] Error 2


===== END =====

Compilation failed:
    source file: '/Users/parkgeonwoo/Documents/document/2022-2/ComputerVision/opencv-3.4.11/cmake/checks/cpu_avx512common.cpp'
    check option: ''
===== BUILD LOG =====
Change Dir: /Users/parkgeonwoo/Documents/document/2022-2/ComputerVision/opencv-3.4.11/build/CMakeFiles/CMakeTmp

Run Build Command(s):/usr/bin/make -f Makefile cmTC_7984c/fast && /Applications/Xcode.app/Contents/Developer/usr/bin/make  -f CMakeFiles/cmTC_7984c.dir/build.make CMakeFiles/cmTC_7984c.dir/build
Building CXX object CMakeFiles/cmTC_7984c.dir/cpu_avx512common.cpp.o
/Applications/Xcode.app/Contents/Developer/Toolchains/XcodeDefault.xctoolchain/usr/bin/c++   -O3 -DNDEBUG -arch x86_64 -isysroot /Applications/Xcode.app/Contents/Developer/Platforms/MacOSX.platform/Developer/SDKs/MacOSX12.3.sdk -fPIE -MD -MT CMakeFiles/cmTC_7984c.dir/cpu_avx512common.cpp.o -MF CMakeFiles/cmTC_7984c.dir/cpu_avx512common.cpp.o.d -o CMakeFiles/cmTC_7984c.dir/cpu_avx512common.cpp.o -c /Users/parkgeonwoo/Documents/document/2022-2/ComputerVision/opencv-3.4.11/cmake/checks/cpu_avx512common.cpp
/Users/parkgeonwoo/Documents/document/2022-2/ComputerVision/opencv-3.4.11/cmake/checks/cpu_avx512common.cpp:12:2: error: "AVX512-COMMON is not supported"
#error "AVX512-COMMON is not supported"
 ^
1 error generated.
make[1]: *** [CMakeFiles/cmTC_7984c.dir/cpu_avx512common.cpp.o] Error 1
make: *** [cmTC_7984c/fast] Error 2


===== END =====

Compilation failed:
    source file: '/Users/parkgeonwoo/Documents/document/2022-2/ComputerVision/opencv-3.4.11/cmake/checks/cpu_avx512knl.cpp'
    check option: ''
===== BUILD LOG =====
Change Dir: /Users/parkgeonwoo/Documents/document/2022-2/ComputerVision/opencv-3.4.11/build/CMakeFiles/CMakeTmp

Run Build Command(s):/usr/bin/make -f Makefile cmTC_54a9f/fast && /Applications/Xcode.app/Contents/Developer/usr/bin/make  -f CMakeFiles/cmTC_54a9f.dir/build.make CMakeFiles/cmTC_54a9f.dir/build
Building CXX object CMakeFiles/cmTC_54a9f.dir/cpu_avx512knl.cpp.o
/Applications/Xcode.app/Contents/Developer/Toolchains/XcodeDefault.xctoolchain/usr/bin/c++   -O3 -DNDEBUG -arch x86_64 -isysroot /Applications/Xcode.app/Contents/Developer/Platforms/MacOSX.platform/Developer/SDKs/MacOSX12.3.sdk -fPIE -MD -MT CMakeFiles/cmTC_54a9f.dir/cpu_avx512knl.cpp.o -MF CMakeFiles/cmTC_54a9f.dir/cpu_avx512knl.cpp.o.d -o CMakeFiles/cmTC_54a9f.dir/cpu_avx512knl.cpp.o -c /Users/parkgeonwoo/Documents/document/2022-2/ComputerVision/opencv-3.4.11/cmake/checks/cpu_avx512knl.cpp
/Users/parkgeonwoo/Documents/document/2022-2/ComputerVision/opencv-3.4.11/cmake/checks/cpu_avx512knl.cpp:14:2: error: "AVX512-KNL is not supported"
#error "AVX512-KNL is not supported"
 ^
1 error generated.
make[1]: *** [CMakeFiles/cmTC_54a9f.dir/cpu_avx512knl.cpp.o] Error 1
make: *** [cmTC_54a9f/fast] Error 2


===== END =====

Compilation failed:
    source file: '/Users/parkgeonwoo/Documents/document/2022-2/ComputerVision/opencv-3.4.11/cmake/checks/cpu_avx512knm.cpp'
    check option: ''
===== BUILD LOG =====
Change Dir: /Users/parkgeonwoo/Documents/document/2022-2/ComputerVision/opencv-3.4.11/build/CMakeFiles/CMakeTmp

Run Build Command(s):/usr/bin/make -f Makefile cmTC_b002d/fast && /Applications/Xcode.app/Contents/Developer/usr/bin/make  -f CMakeFiles/cmTC_b002d.dir/build.make CMakeFiles/cmTC_b002d.dir/build
Building CXX object CMakeFiles/cmTC_b002d.dir/cpu_avx512knm.cpp.o
/Applications/Xcode.app/Contents/Developer/Toolchains/XcodeDefault.xctoolchain/usr/bin/c++   -O3 -DNDEBUG -arch x86_64 -isysroot /Applications/Xcode.app/Contents/Developer/Platforms/MacOSX.platform/Developer/SDKs/MacOSX12.3.sdk -fPIE -MD -MT CMakeFiles/cmTC_b002d.dir/cpu_avx512knm.cpp.o -MF CMakeFiles/cmTC_b002d.dir/cpu_avx512knm.cpp.o.d -o CMakeFiles/cmTC_b002d.dir/cpu_avx512knm.cpp.o -c /Users/parkgeonwoo/Documents/document/2022-2/ComputerVision/opencv-3.4.11/cmake/checks/cpu_avx512knm.cpp
/Users/parkgeonwoo/Documents/document/2022-2/ComputerVision/opencv-3.4.11/cmake/checks/cpu_avx512knm.cpp:15:2: error: "AVX512-KNM is not supported"
#error "AVX512-KNM is not supported"
 ^
1 error generated.
make[1]: *** [CMakeFiles/cmTC_b002d.dir/cpu_avx512knm.cpp.o] Error 1
make: *** [cmTC_b002d/fast] Error 2


===== END =====

Compilation failed:
    source file: '/Users/parkgeonwoo/Documents/document/2022-2/ComputerVision/opencv-3.4.11/cmake/checks/cpu_avx512knm.cpp'
    check option: ' -mavx512f -mavx512cd -mavx512er -mavx512pf -mavx5124fmaps -mavx5124vnniw -mavx512vpopcntdq'
===== BUILD LOG =====
Change Dir: /Users/parkgeonwoo/Documents/document/2022-2/ComputerVision/opencv-3.4.11/build/CMakeFiles/CMakeTmp

Run Build Command(s):/usr/bin/make -f Makefile cmTC_b0161/fast && /Applications/Xcode.app/Contents/Developer/usr/bin/make  -f CMakeFiles/cmTC_b0161.dir/build.make CMakeFiles/cmTC_b0161.dir/build
Building CXX object CMakeFiles/cmTC_b0161.dir/cpu_avx512knm.cpp.o
/Applications/Xcode.app/Contents/Developer/Toolchains/XcodeDefault.xctoolchain/usr/bin/c++   -O3 -DNDEBUG -arch x86_64 -isysroot /Applications/Xcode.app/Contents/Developer/Platforms/MacOSX.platform/Developer/SDKs/MacOSX12.3.sdk -fPIE    -mavx512f -mavx512cd -mavx512er -mavx512pf -mavx5124fmaps -mavx5124vnniw -mavx512vpopcntdq -MD -MT CMakeFiles/cmTC_b0161.dir/cpu_avx512knm.cpp.o -MF CMakeFiles/cmTC_b0161.dir/cpu_avx512knm.cpp.o.d -o CMakeFiles/cmTC_b0161.dir/cpu_avx512knm.cpp.o -c /Users/parkgeonwoo/Documents/document/2022-2/ComputerVision/opencv-3.4.11/cmake/checks/cpu_avx512knm.cpp
clang: error: unknown argument: '-mavx5124fmaps'
clang: error: unknown argument: '-mavx5124vnniw'
make[1]: *** [CMakeFiles/cmTC_b0161.dir/cpu_avx512knm.cpp.o] Error 1
make: *** [cmTC_b0161/fast] Error 2


===== END =====

Compilation failed:
    source file: '/Users/parkgeonwoo/Documents/document/2022-2/ComputerVision/opencv-3.4.11/cmake/checks/cpu_avx512skx.cpp'
    check option: ''
===== BUILD LOG =====
Change Dir: /Users/parkgeonwoo/Documents/document/2022-2/ComputerVision/opencv-3.4.11/build/CMakeFiles/CMakeTmp

Run Build Command(s):/usr/bin/make -f Makefile cmTC_99819/fast && /Applications/Xcode.app/Contents/Developer/usr/bin/make  -f CMakeFiles/cmTC_99819.dir/build.make CMakeFiles/cmTC_99819.dir/build
Building CXX object CMakeFiles/cmTC_99819.dir/cpu_avx512skx.cpp.o
/Applications/Xcode.app/Contents/Developer/Toolchains/XcodeDefault.xctoolchain/usr/bin/c++   -O3 -DNDEBUG -arch x86_64 -isysroot /Applications/Xcode.app/Contents/Developer/Platforms/MacOSX.platform/Developer/SDKs/MacOSX12.3.sdk -fPIE -MD -MT CMakeFiles/cmTC_99819.dir/cpu_avx512skx.cpp.o -MF CMakeFiles/cmTC_99819.dir/cpu_avx512skx.cpp.o.d -o CMakeFiles/cmTC_99819.dir/cpu_avx512skx.cpp.o -c /Users/parkgeonwoo/Documents/document/2022-2/ComputerVision/opencv-3.4.11/cmake/checks/cpu_avx512skx.cpp
/Users/parkgeonwoo/Documents/document/2022-2/ComputerVision/opencv-3.4.11/cmake/checks/cpu_avx512skx.cpp:30:2: error: "AVX512-SKX is not supported"
#error "AVX512-SKX is not supported"
 ^
1 error generated.
make[1]: *** [CMakeFiles/cmTC_99819.dir/cpu_avx512skx.cpp.o] Error 1
make: *** [cmTC_99819/fast] Error 2


===== END =====

Compilation failed:
    source file: '/Users/parkgeonwoo/Documents/document/2022-2/ComputerVision/opencv-3.4.11/cmake/checks/cpu_avx512cnl.cpp'
    check option: ''
===== BUILD LOG =====
Change Dir: /Users/parkgeonwoo/Documents/document/2022-2/ComputerVision/opencv-3.4.11/build/CMakeFiles/CMakeTmp

Run Build Command(s):/usr/bin/make -f Makefile cmTC_063e8/fast && /Applications/Xcode.app/Contents/Developer/usr/bin/make  -f CMakeFiles/cmTC_063e8.dir/build.make CMakeFiles/cmTC_063e8.dir/build
Building CXX object CMakeFiles/cmTC_063e8.dir/cpu_avx512cnl.cpp.o
/Applications/Xcode.app/Contents/Developer/Toolchains/XcodeDefault.xctoolchain/usr/bin/c++   -O3 -DNDEBUG -arch x86_64 -isysroot /Applications/Xcode.app/Contents/Developer/Platforms/MacOSX.platform/Developer/SDKs/MacOSX12.3.sdk -fPIE -MD -MT CMakeFiles/cmTC_063e8.dir/cpu_avx512cnl.cpp.o -MF CMakeFiles/cmTC_063e8.dir/cpu_avx512cnl.cpp.o.d -o CMakeFiles/cmTC_063e8.dir/cpu_avx512cnl.cpp.o -c /Users/parkgeonwoo/Documents/document/2022-2/ComputerVision/opencv-3.4.11/cmake/checks/cpu_avx512cnl.cpp
/Users/parkgeonwoo/Documents/document/2022-2/ComputerVision/opencv-3.4.11/cmake/checks/cpu_avx512cnl.cpp:10:2: error: "AVX512-CNL is not supported"
#error "AVX512-CNL is not supported"
 ^
1 error generated.
make[1]: *** [CMakeFiles/cmTC_063e8.dir/cpu_avx512cnl.cpp.o] Error 1
make: *** [cmTC_063e8/fast] Error 2


===== END =====

Compilation failed:
    source file: '/Users/parkgeonwoo/Documents/document/2022-2/ComputerVision/opencv-3.4.11/cmake/checks/cpu_avx512clx.cpp'
    check option: ''
===== BUILD LOG =====
Change Dir: /Users/parkgeonwoo/Documents/document/2022-2/ComputerVision/opencv-3.4.11/build/CMakeFiles/CMakeTmp

Run Build Command(s):/usr/bin/make -f Makefile cmTC_25111/fast && /Applications/Xcode.app/Contents/Developer/usr/bin/make  -f CMakeFiles/cmTC_25111.dir/build.make CMakeFiles/cmTC_25111.dir/build
Building CXX object CMakeFiles/cmTC_25111.dir/cpu_avx512clx.cpp.o
/Applications/Xcode.app/Contents/Developer/Toolchains/XcodeDefault.xctoolchain/usr/bin/c++   -O3 -DNDEBUG -arch x86_64 -isysroot /Applications/Xcode.app/Contents/Developer/Platforms/MacOSX.platform/Developer/SDKs/MacOSX12.3.sdk -fPIE -MD -MT CMakeFiles/cmTC_25111.dir/cpu_avx512clx.cpp.o -MF CMakeFiles/cmTC_25111.dir/cpu_avx512clx.cpp.o.d -o CMakeFiles/cmTC_25111.dir/cpu_avx512clx.cpp.o -c /Users/parkgeonwoo/Documents/document/2022-2/ComputerVision/opencv-3.4.11/cmake/checks/cpu_avx512clx.cpp
/Users/parkgeonwoo/Documents/document/2022-2/ComputerVision/opencv-3.4.11/cmake/checks/cpu_avx512clx.cpp:9:2: error: "AVX512-CLX is not supported"
#error "AVX512-CLX is not supported"
 ^
1 error generated.
make[1]: *** [CMakeFiles/cmTC_25111.dir/cpu_avx512clx.cpp.o] Error 1
make: *** [cmTC_25111/fast] Error 2


===== END =====

Compilation failed:
    source file: '/Users/parkgeonwoo/Documents/document/2022-2/ComputerVision/opencv-3.4.11/cmake/checks/cpu_avx512icl.cpp'
    check option: ''
===== BUILD LOG =====
Change Dir: /Users/parkgeonwoo/Documents/document/2022-2/ComputerVision/opencv-3.4.11/build/CMakeFiles/CMakeTmp

Run Build Command(s):/usr/bin/make -f Makefile cmTC_1637b/fast && /Applications/Xcode.app/Contents/Developer/usr/bin/make  -f CMakeFiles/cmTC_1637b.dir/build.make CMakeFiles/cmTC_1637b.dir/build
Building CXX object CMakeFiles/cmTC_1637b.dir/cpu_avx512icl.cpp.o
/Applications/Xcode.app/Contents/Developer/Toolchains/XcodeDefault.xctoolchain/usr/bin/c++   -O3 -DNDEBUG -arch x86_64 -isysroot /Applications/Xcode.app/Contents/Developer/Platforms/MacOSX.platform/Developer/SDKs/MacOSX12.3.sdk -fPIE -MD -MT CMakeFiles/cmTC_1637b.dir/cpu_avx512icl.cpp.o -MF CMakeFiles/cmTC_1637b.dir/cpu_avx512icl.cpp.o.d -o CMakeFiles/cmTC_1637b.dir/cpu_avx512icl.cpp.o -c /Users/parkgeonwoo/Documents/document/2022-2/ComputerVision/opencv-3.4.11/cmake/checks/cpu_avx512icl.cpp
/Users/parkgeonwoo/Documents/document/2022-2/ComputerVision/opencv-3.4.11/cmake/checks/cpu_avx512icl.cpp:12:2: error: "AVX512-ICL is not supported"
#error "AVX512-ICL is not supported"
 ^
1 error generated.
make[1]: *** [CMakeFiles/cmTC_1637b.dir/cpu_avx512icl.cpp.o] Error 1
make: *** [cmTC_1637b/fast] Error 2


===== END =====

Compilation failed:
    source file: '/Users/parkgeonwoo/Documents/document/2022-2/ComputerVision/opencv-3.4.11/build/CMakeFiles/CMakeTmp/src.cxx'
    check option: ''
===== BUILD LOG =====
Change Dir: /Users/parkgeonwoo/Documents/document/2022-2/ComputerVision/opencv-3.4.11/build/CMakeFiles/CMakeTmp

Run Build Command(s):/usr/bin/make -f Makefile cmTC_eae6c/fast && /Applications/Xcode.app/Contents/Developer/usr/bin/make  -f CMakeFiles/cmTC_eae6c.dir/build.make CMakeFiles/cmTC_eae6c.dir/build
Building CXX object CMakeFiles/cmTC_eae6c.dir/src.cxx.o
/Applications/Xcode.app/Contents/Developer/Toolchains/XcodeDefault.xctoolchain/usr/bin/c++   -O3 -DNDEBUG -arch x86_64 -isysroot /Applications/Xcode.app/Contents/Developer/Platforms/MacOSX.platform/Developer/SDKs/MacOSX12.3.sdk -fPIE -MD -MT CMakeFiles/cmTC_eae6c.dir/src.cxx.o -MF CMakeFiles/cmTC_eae6c.dir/src.cxx.o.d -o CMakeFiles/cmTC_eae6c.dir/src.cxx.o -c /Users/parkgeonwoo/Documents/document/2022-2/ComputerVision/opencv-3.4.11/build/CMakeFiles/CMakeTmp/src.cxx
Linking CXX executable cmTC_eae6c
/usr/local/Cellar/cmake/3.23.2/bin/cmake -E cmake_link_script CMakeFiles/cmTC_eae6c.dir/link.txt --verbose=1
/Applications/Xcode.app/Contents/Developer/Toolchains/XcodeDefault.xctoolchain/usr/bin/c++ -O3 -DNDEBUG -arch x86_64 -isysroot /Applications/Xcode.app/Contents/Developer/Platforms/MacOSX.platform/Developer/SDKs/MacOSX12.3.sdk -Wl,-search_paths_first -Wl,-headerpad_max_install_names  -Wl,--as-needed  CMakeFiles/cmTC_eae6c.dir/src.cxx.o -o cmTC_eae6c 
ld: unknown option: --as-needed
clang: error: linker command failed with exit code 1 (use -v to see invocation)
make[1]: *** [cmTC_eae6c] Error 1
make: *** [cmTC_eae6c/fast] Error 2


===== END =====

Determining if the include file malloc.h exists failed with the following output:
Change Dir: /Users/parkgeonwoo/Documents/document/2022-2/ComputerVision/opencv-3.4.11/build/CMakeFiles/CMakeTmp

Run Build Command(s):/usr/bin/make -f Makefile cmTC_b18dd/fast && /Applications/Xcode.app/Contents/Developer/usr/bin/make  -f CMakeFiles/cmTC_b18dd.dir/build.make CMakeFiles/cmTC_b18dd.dir/build
Building C object CMakeFiles/cmTC_b18dd.dir/CheckIncludeFile.c.o
/Applications/Xcode.app/Contents/Developer/Toolchains/XcodeDefault.xctoolchain/usr/bin/cc   -fsigned-char -W -Wall -Werror=return-type -Werror=non-virtual-dtor -Werror=address -Werror=sequence-point -Wformat -Werror=format-security -Wmissing-declarations -Wmissing-prototypes -Wstrict-prototypes -Wundef -Winit-self -Wpointer-arith -Wshadow -Wsign-promo -Wuninitialized -Winit-self -Wno-delete-non-virtual-dtor -Wno-unnamed-type-template-args -Wno-comment -Wno-deprecated-enum-enum-conversion -Wno-deprecated-anon-enum-enum-conversion -fdiagnostics-show-option -Wno-long-long -Qunused-arguments -Wno-semicolon-before-method-body -ffunction-sections -fdata-sections  -fvisibility=hidden -fvisibility-inlines-hidden  -O3 -DNDEBUG  -DNDEBUG -arch x86_64 -isysroot /Applications/Xcode.app/Contents/Developer/Platforms/MacOSX.platform/Developer/SDKs/MacOSX12.3.sdk -fPIE -MD -MT CMakeFiles/cmTC_b18dd.dir/CheckIncludeFile.c.o -MF CMakeFiles/cmTC_b18dd.dir/CheckIncludeFile.c.o.d -o CMakeFiles/cmTC_b18dd.dir/CheckIncludeFile.c.o -c /Users/parkgeonwoo/Documents/document/2022-2/ComputerVision/opencv-3.4.11/build/CMakeFiles/CMakeTmp/CheckIncludeFile.c
/Users/parkgeonwoo/Documents/document/2022-2/ComputerVision/opencv-3.4.11/build/CMakeFiles/CMakeTmp/CheckIncludeFile.c:1:10: fatal error: 'malloc.h' file not found
#include <malloc.h>
         ^~~~~~~~~~
1 error generated.
make[1]: *** [CMakeFiles/cmTC_b18dd.dir/CheckIncludeFile.c.o] Error 1
make: *** [cmTC_b18dd/fast] Error 2



Determining size of off64_t failed with the following output:
Change Dir: /Users/parkgeonwoo/Documents/document/2022-2/ComputerVision/opencv-3.4.11/build/CMakeFiles/CMakeTmp

Run Build Command(s):/usr/bin/make -f Makefile cmTC_51ce9/fast && /Applications/Xcode.app/Contents/Developer/usr/bin/make  -f CMakeFiles/cmTC_51ce9.dir/build.make CMakeFiles/cmTC_51ce9.dir/build
Building C object CMakeFiles/cmTC_51ce9.dir/OFF64_T.c.o
/Applications/Xcode.app/Contents/Developer/Toolchains/XcodeDefault.xctoolchain/usr/bin/cc   -fsigned-char -W -Wall -Werror=return-type -Werror=non-virtual-dtor -Werror=address -Werror=sequence-point -Wformat -Werror=format-security -Wmissing-declarations -Wmissing-prototypes -Wstrict-prototypes -Wundef -Winit-self -Wpointer-arith -Wshadow -Wsign-promo -Wuninitialized -Winit-self -Wno-delete-non-virtual-dtor -Wno-unnamed-type-template-args -Wno-comment -Wno-deprecated-enum-enum-conversion -Wno-deprecated-anon-enum-enum-conversion -fdiagnostics-show-option -Wno-long-long -Qunused-arguments -Wno-semicolon-before-method-body -ffunction-sections -fdata-sections  -fvisibility=hidden -fvisibility-inlines-hidden  -O3 -DNDEBUG  -DNDEBUG -arch x86_64 -isysroot /Applications/Xcode.app/Contents/Developer/Platforms/MacOSX.platform/Developer/SDKs/MacOSX12.3.sdk -fPIE -MD -MT CMakeFiles/cmTC_51ce9.dir/OFF64_T.c.o -MF CMakeFiles/cmTC_51ce9.dir/OFF64_T.c.o.d -o CMakeFiles/cmTC_51ce9.dir/OFF64_T.c.o -c /Users/parkgeonwoo/Documents/document/2022-2/ComputerVision/opencv-3.4.11/build/CMakeFiles/CheckTypeSize/OFF64_T.c
/Users/parkgeonwoo/Documents/document/2022-2/ComputerVision/opencv-3.4.11/build/CMakeFiles/CheckTypeSize/OFF64_T.c:29:12: error: use of undeclared identifier 'off64_t'
  ('0' + ((SIZE / 10000)%10)),
           ^
/Users/parkgeonwoo/Documents/document/2022-2/ComputerVision/opencv-3.4.11/build/CMakeFiles/CheckTypeSize/OFF64_T.c:27:22: note: expanded from macro 'SIZE'
#define SIZE (sizeof(off64_t))
                     ^
/Users/parkgeonwoo/Documents/document/2022-2/ComputerVision/opencv-3.4.11/build/CMakeFiles/CheckTypeSize/OFF64_T.c:30:12: error: use of undeclared identifier 'off64_t'
  ('0' + ((SIZE / 1000)%10)),
           ^
/Users/parkgeonwoo/Documents/document/2022-2/ComputerVision/opencv-3.4.11/build/CMakeFiles/CheckTypeSize/OFF64_T.c:27:22: note: expanded from macro 'SIZE'
#define SIZE (sizeof(off64_t))
                     ^
/Users/parkgeonwoo/Documents/document/2022-2/ComputerVision/opencv-3.4.11/build/CMakeFiles/CheckTypeSize/OFF64_T.c:31:12: error: use of undeclared identifier 'off64_t'
  ('0' + ((SIZE / 100)%10)),
           ^
/Users/parkgeonwoo/Documents/document/2022-2/ComputerVision/opencv-3.4.11/build/CMakeFiles/CheckTypeSize/OFF64_T.c:27:22: note: expanded from macro 'SIZE'
#define SIZE (sizeof(off64_t))
                     ^
/Users/parkgeonwoo/Documents/document/2022-2/ComputerVision/opencv-3.4.11/build/CMakeFiles/CheckTypeSize/OFF64_T.c:32:12: error: use of undeclared identifier 'off64_t'
  ('0' + ((SIZE / 10)%10)),
           ^
/Users/parkgeonwoo/Documents/document/2022-2/ComputerVision/opencv-3.4.11/build/CMakeFiles/CheckTypeSize/OFF64_T.c:27:22: note: expanded from macro 'SIZE'
#define SIZE (sizeof(off64_t))
                     ^
/Users/parkgeonwoo/Documents/document/2022-2/ComputerVision/opencv-3.4.11/build/CMakeFiles/CheckTypeSize/OFF64_T.c:33:12: error: use of undeclared identifier 'off64_t'
  ('0' +  (SIZE    % 10)),
           ^
/Users/parkgeonwoo/Documents/document/2022-2/ComputerVision/opencv-3.4.11/build/CMakeFiles/CheckTypeSize/OFF64_T.c:27:22: note: expanded from macro 'SIZE'
#define SIZE (sizeof(off64_t))
                     ^
5 errors generated.
make[1]: *** [CMakeFiles/cmTC_51ce9.dir/OFF64_T.c.o] Error 1
make: *** [cmTC_51ce9/fast] Error 2


/Users/parkgeonwoo/Documents/document/2022-2/ComputerVision/opencv-3.4.11/build/CMakeFiles/CheckTypeSize/OFF64_T.c:
#include <sys/types.h>
#include <stdint.h>
#include <stddef.h>


#undef KEY
#if defined(__i386)
# define KEY '_','_','i','3','8','6'
#elif defined(__x86_64)
# define KEY '_','_','x','8','6','_','6','4'
#elif defined(__PPC64__)
# define KEY '_','_','P','P','C','6','4','_','_'
#elif defined(__ppc64__)
# define KEY '_','_','p','p','c','6','4','_','_'
#elif defined(__PPC__)
# define KEY '_','_','P','P','C','_','_'
#elif defined(__ppc__)
# define KEY '_','_','p','p','c','_','_'
#elif defined(__aarch64__)
# define KEY '_','_','a','a','r','c','h','6','4','_','_'
#elif defined(__ARM_ARCH_7A__)
# define KEY '_','_','A','R','M','_','A','R','C','H','_','7','A','_','_'
#elif defined(__ARM_ARCH_7S__)
# define KEY '_','_','A','R','M','_','A','R','C','H','_','7','S','_','_'
#endif

#define SIZE (sizeof(off64_t))
static char info_size[] =  {'I', 'N', 'F', 'O', ':', 's','i','z','e','[',
  ('0' + ((SIZE / 10000)%10)),
  ('0' + ((SIZE / 1000)%10)),
  ('0' + ((SIZE / 100)%10)),
  ('0' + ((SIZE / 10)%10)),
  ('0' +  (SIZE    % 10)),
  ']',
#ifdef KEY
  ' ','k','e','y','[', KEY, ']',
#endif
  '\0'};

#ifdef __CLASSIC_C__
int main(argc, argv) int argc; char *argv[];
#else
int main(int argc, char *argv[])
#endif
{
  int require = 0;
  require += info_size[argc];
  (void)argv;
  return require;
}


Determining if the include file io.h exists failed with the following output:
Change Dir: /Users/parkgeonwoo/Documents/document/2022-2/ComputerVision/opencv-3.4.11/build/CMakeFiles/CMakeTmp

Run Build Command(s):/usr/bin/make -f Makefile cmTC_bf13c/fast && /Applications/Xcode.app/Contents/Developer/usr/bin/make  -f CMakeFiles/cmTC_bf13c.dir/build.make CMakeFiles/cmTC_bf13c.dir/build
Building C object CMakeFiles/cmTC_bf13c.dir/CheckIncludeFile.c.o
/Applications/Xcode.app/Contents/Developer/Toolchains/XcodeDefault.xctoolchain/usr/bin/cc   -fsigned-char -W -Wall -Werror=return-type -Werror=non-virtual-dtor -Werror=address -Werror=sequence-point -Wformat -Werror=format-security -Wmissing-declarations -Wmissing-prototypes -Wstrict-prototypes -Wundef -Winit-self -Wpointer-arith -Wshadow -Wsign-promo -Wuninitialized -Winit-self -Wno-delete-non-virtual-dtor -Wno-unnamed-type-template-args -Wno-comment -Wno-deprecated-enum-enum-conversion -Wno-deprecated-anon-enum-enum-conversion -fdiagnostics-show-option -Wno-long-long -Qunused-arguments -Wno-semicolon-before-method-body -ffunction-sections -fdata-sections  -fvisibility=hidden -fvisibility-inlines-hidden  -O3 -DNDEBUG  -DNDEBUG -arch x86_64 -isysroot /Applications/Xcode.app/Contents/Developer/Platforms/MacOSX.platform/Developer/SDKs/MacOSX12.3.sdk -fPIE -MD -MT CMakeFiles/cmTC_bf13c.dir/CheckIncludeFile.c.o -MF CMakeFiles/cmTC_bf13c.dir/CheckIncludeFile.c.o.d -o CMakeFiles/cmTC_bf13c.dir/CheckIncludeFile.c.o -c /Users/parkgeonwoo/Documents/document/2022-2/ComputerVision/opencv-3.4.11/build/CMakeFiles/CMakeTmp/CheckIncludeFile.c
/Users/parkgeonwoo/Documents/document/2022-2/ComputerVision/opencv-3.4.11/build/CMakeFiles/CMakeTmp/CheckIncludeFile.c:1:10: fatal error: 'io.h' file not found
#include <io.h>
         ^~~~~~
1 error generated.
make[1]: *** [CMakeFiles/cmTC_bf13c.dir/CheckIncludeFile.c.o] Error 1
make: *** [cmTC_bf13c/fast] Error 2



Determining size of INT8 failed with the following output:
Change Dir: /Users/parkgeonwoo/Documents/document/2022-2/ComputerVision/opencv-3.4.11/build/CMakeFiles/CMakeTmp

Run Build Command(s):/usr/bin/make -f Makefile cmTC_b9a8c/fast && /Applications/Xcode.app/Contents/Developer/usr/bin/make  -f CMakeFiles/cmTC_b9a8c.dir/build.make CMakeFiles/cmTC_b9a8c.dir/build
Building C object CMakeFiles/cmTC_b9a8c.dir/int8.c.o
/Applications/Xcode.app/Contents/Developer/Toolchains/XcodeDefault.xctoolchain/usr/bin/cc   -fsigned-char -W -Wall -Werror=return-type -Werror=non-virtual-dtor -Werror=address -Werror=sequence-point -Wformat -Werror=format-security -Wmissing-declarations -Wmissing-prototypes -Wstrict-prototypes -Wundef -Winit-self -Wpointer-arith -Wshadow -Wsign-promo -Wuninitialized -Winit-self -Wno-delete-non-virtual-dtor -Wno-unnamed-type-template-args -Wno-comment -Wno-deprecated-enum-enum-conversion -Wno-deprecated-anon-enum-enum-conversion -fdiagnostics-show-option -Wno-long-long -Qunused-arguments -Wno-semicolon-before-method-body -ffunction-sections -fdata-sections  -fvisibility=hidden -fvisibility-inlines-hidden  -O3 -DNDEBUG  -DNDEBUG -arch x86_64 -isysroot /Applications/Xcode.app/Contents/Developer/Platforms/MacOSX.platform/Developer/SDKs/MacOSX12.3.sdk -fPIE -MD -MT CMakeFiles/cmTC_b9a8c.dir/int8.c.o -MF CMakeFiles/cmTC_b9a8c.dir/int8.c.o.d -o CMakeFiles/cmTC_b9a8c.dir/int8.c.o -c /Users/parkgeonwoo/Documents/document/2022-2/ComputerVision/opencv-3.4.11/build/CMakeFiles/CheckTypeSize/int8.c
/Users/parkgeonwoo/Documents/document/2022-2/ComputerVision/opencv-3.4.11/build/CMakeFiles/CheckTypeSize/int8.c:29:12: error: use of undeclared identifier 'INT8'
  ('0' + ((SIZE / 10000)%10)),
           ^
/Users/parkgeonwoo/Documents/document/2022-2/ComputerVision/opencv-3.4.11/build/CMakeFiles/CheckTypeSize/int8.c:27:22: note: expanded from macro 'SIZE'
#define SIZE (sizeof(INT8))
                     ^
/Users/parkgeonwoo/Documents/document/2022-2/ComputerVision/opencv-3.4.11/build/CMakeFiles/CheckTypeSize/int8.c:30:12: error: use of undeclared identifier 'INT8'
  ('0' + ((SIZE / 1000)%10)),
           ^
/Users/parkgeonwoo/Documents/document/2022-2/ComputerVision/opencv-3.4.11/build/CMakeFiles/CheckTypeSize/int8.c:27:22: note: expanded from macro 'SIZE'
#define SIZE (sizeof(INT8))
                     ^
/Users/parkgeonwoo/Documents/document/2022-2/ComputerVision/opencv-3.4.11/build/CMakeFiles/CheckTypeSize/int8.c:31:12: error: use of undeclared identifier 'INT8'
  ('0' + ((SIZE / 100)%10)),
           ^
/Users/parkgeonwoo/Documents/document/2022-2/ComputerVision/opencv-3.4.11/build/CMakeFiles/CheckTypeSize/int8.c:27:22: note: expanded from macro 'SIZE'
#define SIZE (sizeof(INT8))
                     ^
/Users/parkgeonwoo/Documents/document/2022-2/ComputerVision/opencv-3.4.11/build/CMakeFiles/CheckTypeSize/int8.c:32:12: error: use of undeclared identifier 'INT8'
  ('0' + ((SIZE / 10)%10)),
           ^
/Users/parkgeonwoo/Documents/document/2022-2/ComputerVision/opencv-3.4.11/build/CMakeFiles/CheckTypeSize/int8.c:27:22: note: expanded from macro 'SIZE'
#define SIZE (sizeof(INT8))
                     ^
/Users/parkgeonwoo/Documents/document/2022-2/ComputerVision/opencv-3.4.11/build/CMakeFiles/CheckTypeSize/int8.c:33:12: error: use of undeclared identifier 'INT8'
  ('0' +  (SIZE    % 10)),
           ^
/Users/parkgeonwoo/Documents/document/2022-2/ComputerVision/opencv-3.4.11/build/CMakeFiles/CheckTypeSize/int8.c:27:22: note: expanded from macro 'SIZE'
#define SIZE (sizeof(INT8))
                     ^
5 errors generated.
make[1]: *** [CMakeFiles/cmTC_b9a8c.dir/int8.c.o] Error 1
make: *** [cmTC_b9a8c/fast] Error 2


/Users/parkgeonwoo/Documents/document/2022-2/ComputerVision/opencv-3.4.11/build/CMakeFiles/CheckTypeSize/int8.c:
#include <sys/types.h>
#include <stdint.h>
#include <stddef.h>


#undef KEY
#if defined(__i386)
# define KEY '_','_','i','3','8','6'
#elif defined(__x86_64)
# define KEY '_','_','x','8','6','_','6','4'
#elif defined(__PPC64__)
# define KEY '_','_','P','P','C','6','4','_','_'
#elif defined(__ppc64__)
# define KEY '_','_','p','p','c','6','4','_','_'
#elif defined(__PPC__)
# define KEY '_','_','P','P','C','_','_'
#elif defined(__ppc__)
# define KEY '_','_','p','p','c','_','_'
#elif defined(__aarch64__)
# define KEY '_','_','a','a','r','c','h','6','4','_','_'
#elif defined(__ARM_ARCH_7A__)
# define KEY '_','_','A','R','M','_','A','R','C','H','_','7','A','_','_'
#elif defined(__ARM_ARCH_7S__)
# define KEY '_','_','A','R','M','_','A','R','C','H','_','7','S','_','_'
#endif

#define SIZE (sizeof(INT8))
static char info_size[] =  {'I', 'N', 'F', 'O', ':', 's','i','z','e','[',
  ('0' + ((SIZE / 10000)%10)),
  ('0' + ((SIZE / 1000)%10)),
  ('0' + ((SIZE / 100)%10)),
  ('0' + ((SIZE / 10)%10)),
  ('0' +  (SIZE    % 10)),
  ']',
#ifdef KEY
  ' ','k','e','y','[', KEY, ']',
#endif
  '\0'};

#ifdef __CLASSIC_C__
int main(argc, argv) int argc; char *argv[];
#else
int main(int argc, char *argv[])
#endif
{
  int require = 0;
  require += info_size[argc];
  (void)argv;
  return require;
}


Determining size of INT16 failed with the following output:
Change Dir: /Users/parkgeonwoo/Documents/document/2022-2/ComputerVision/opencv-3.4.11/build/CMakeFiles/CMakeTmp

Run Build Command(s):/usr/bin/make -f Makefile cmTC_f433f/fast && /Applications/Xcode.app/Contents/Developer/usr/bin/make  -f CMakeFiles/cmTC_f433f.dir/build.make CMakeFiles/cmTC_f433f.dir/build
Building C object CMakeFiles/cmTC_f433f.dir/int16.c.o
/Applications/Xcode.app/Contents/Developer/Toolchains/XcodeDefault.xctoolchain/usr/bin/cc   -fsigned-char -W -Wall -Werror=return-type -Werror=non-virtual-dtor -Werror=address -Werror=sequence-point -Wformat -Werror=format-security -Wmissing-declarations -Wmissing-prototypes -Wstrict-prototypes -Wundef -Winit-self -Wpointer-arith -Wshadow -Wsign-promo -Wuninitialized -Winit-self -Wno-delete-non-virtual-dtor -Wno-unnamed-type-template-args -Wno-comment -Wno-deprecated-enum-enum-conversion -Wno-deprecated-anon-enum-enum-conversion -fdiagnostics-show-option -Wno-long-long -Qunused-arguments -Wno-semicolon-before-method-body -ffunction-sections -fdata-sections  -fvisibility=hidden -fvisibility-inlines-hidden  -O3 -DNDEBUG  -DNDEBUG -arch x86_64 -isysroot /Applications/Xcode.app/Contents/Developer/Platforms/MacOSX.platform/Developer/SDKs/MacOSX12.3.sdk -fPIE -MD -MT CMakeFiles/cmTC_f433f.dir/int16.c.o -MF CMakeFiles/cmTC_f433f.dir/int16.c.o.d -o CMakeFiles/cmTC_f433f.dir/int16.c.o -c /Users/parkgeonwoo/Documents/document/2022-2/ComputerVision/opencv-3.4.11/build/CMakeFiles/CheckTypeSize/int16.c
/Users/parkgeonwoo/Documents/document/2022-2/ComputerVision/opencv-3.4.11/build/CMakeFiles/CheckTypeSize/int16.c:29:12: error: use of undeclared identifier 'INT16'
  ('0' + ((SIZE / 10000)%10)),
           ^
/Users/parkgeonwoo/Documents/document/2022-2/ComputerVision/opencv-3.4.11/build/CMakeFiles/CheckTypeSize/int16.c:27:22: note: expanded from macro 'SIZE'
#define SIZE (sizeof(INT16))
                     ^
/Users/parkgeonwoo/Documents/document/2022-2/ComputerVision/opencv-3.4.11/build/CMakeFiles/CheckTypeSize/int16.c:30:12: error: use of undeclared identifier 'INT16'
  ('0' + ((SIZE / 1000)%10)),
           ^
/Users/parkgeonwoo/Documents/document/2022-2/ComputerVision/opencv-3.4.11/build/CMakeFiles/CheckTypeSize/int16.c:27:22: note: expanded from macro 'SIZE'
#define SIZE (sizeof(INT16))
                     ^
/Users/parkgeonwoo/Documents/document/2022-2/ComputerVision/opencv-3.4.11/build/CMakeFiles/CheckTypeSize/int16.c:31:12: error: use of undeclared identifier 'INT16'
  ('0' + ((SIZE / 100)%10)),
           ^
/Users/parkgeonwoo/Documents/document/2022-2/ComputerVision/opencv-3.4.11/build/CMakeFiles/CheckTypeSize/int16.c:27:22: note: expanded from macro 'SIZE'
#define SIZE (sizeof(INT16))
                     ^
/Users/parkgeonwoo/Documents/document/2022-2/ComputerVision/opencv-3.4.11/build/CMakeFiles/CheckTypeSize/int16.c:32:12: error: use of undeclared identifier 'INT16'
  ('0' + ((SIZE / 10)%10)),
           ^
/Users/parkgeonwoo/Documents/document/2022-2/ComputerVision/opencv-3.4.11/build/CMakeFiles/CheckTypeSize/int16.c:27:22: note: expanded from macro 'SIZE'
#define SIZE (sizeof(INT16))
                     ^
/Users/parkgeonwoo/Documents/document/2022-2/ComputerVision/opencv-3.4.11/build/CMakeFiles/CheckTypeSize/int16.c:33:12: error: use of undeclared identifier 'INT16'
  ('0' +  (SIZE    % 10)),
           ^
/Users/parkgeonwoo/Documents/document/2022-2/ComputerVision/opencv-3.4.11/build/CMakeFiles/CheckTypeSize/int16.c:27:22: note: expanded from macro 'SIZE'
#define SIZE (sizeof(INT16))
                     ^
5 errors generated.
make[1]: *** [CMakeFiles/cmTC_f433f.dir/int16.c.o] Error 1
make: *** [cmTC_f433f/fast] Error 2


/Users/parkgeonwoo/Documents/document/2022-2/ComputerVision/opencv-3.4.11/build/CMakeFiles/CheckTypeSize/int16.c:
#include <sys/types.h>
#include <stdint.h>
#include <stddef.h>


#undef KEY
#if defined(__i386)
# define KEY '_','_','i','3','8','6'
#elif defined(__x86_64)
# define KEY '_','_','x','8','6','_','6','4'
#elif defined(__PPC64__)
# define KEY '_','_','P','P','C','6','4','_','_'
#elif defined(__ppc64__)
# define KEY '_','_','p','p','c','6','4','_','_'
#elif defined(__PPC__)
# define KEY '_','_','P','P','C','_','_'
#elif defined(__ppc__)
# define KEY '_','_','p','p','c','_','_'
#elif defined(__aarch64__)
# define KEY '_','_','a','a','r','c','h','6','4','_','_'
#elif defined(__ARM_ARCH_7A__)
# define KEY '_','_','A','R','M','_','A','R','C','H','_','7','A','_','_'
#elif defined(__ARM_ARCH_7S__)
# define KEY '_','_','A','R','M','_','A','R','C','H','_','7','S','_','_'
#endif

#define SIZE (sizeof(INT16))
static char info_size[] =  {'I', 'N', 'F', 'O', ':', 's','i','z','e','[',
  ('0' + ((SIZE / 10000)%10)),
  ('0' + ((SIZE / 1000)%10)),
  ('0' + ((SIZE / 100)%10)),
  ('0' + ((SIZE / 10)%10)),
  ('0' +  (SIZE    % 10)),
  ']',
#ifdef KEY
  ' ','k','e','y','[', KEY, ']',
#endif
  '\0'};

#ifdef __CLASSIC_C__
int main(argc, argv) int argc; char *argv[];
#else
int main(int argc, char *argv[])
#endif
{
  int require = 0;
  require += info_size[argc];
  (void)argv;
  return require;
}


Determining size of INT32 failed with the following output:
Change Dir: /Users/parkgeonwoo/Documents/document/2022-2/ComputerVision/opencv-3.4.11/build/CMakeFiles/CMakeTmp

Run Build Command(s):/usr/bin/make -f Makefile cmTC_da4a8/fast && /Applications/Xcode.app/Contents/Developer/usr/bin/make  -f CMakeFiles/cmTC_da4a8.dir/build.make CMakeFiles/cmTC_da4a8.dir/build
Building C object CMakeFiles/cmTC_da4a8.dir/int32.c.o
/Applications/Xcode.app/Contents/Developer/Toolchains/XcodeDefault.xctoolchain/usr/bin/cc   -fsigned-char -W -Wall -Werror=return-type -Werror=non-virtual-dtor -Werror=address -Werror=sequence-point -Wformat -Werror=format-security -Wmissing-declarations -Wmissing-prototypes -Wstrict-prototypes -Wundef -Winit-self -Wpointer-arith -Wshadow -Wsign-promo -Wuninitialized -Winit-self -Wno-delete-non-virtual-dtor -Wno-unnamed-type-template-args -Wno-comment -Wno-deprecated-enum-enum-conversion -Wno-deprecated-anon-enum-enum-conversion -fdiagnostics-show-option -Wno-long-long -Qunused-arguments -Wno-semicolon-before-method-body -ffunction-sections -fdata-sections  -fvisibility=hidden -fvisibility-inlines-hidden  -O3 -DNDEBUG  -DNDEBUG -arch x86_64 -isysroot /Applications/Xcode.app/Contents/Developer/Platforms/MacOSX.platform/Developer/SDKs/MacOSX12.3.sdk -fPIE -MD -MT CMakeFiles/cmTC_da4a8.dir/int32.c.o -MF CMakeFiles/cmTC_da4a8.dir/int32.c.o.d -o CMakeFiles/cmTC_da4a8.dir/int32.c.o -c /Users/parkgeonwoo/Documents/document/2022-2/ComputerVision/opencv-3.4.11/build/CMakeFiles/CheckTypeSize/int32.c
/Users/parkgeonwoo/Documents/document/2022-2/ComputerVision/opencv-3.4.11/build/CMakeFiles/CheckTypeSize/int32.c:29:12: error: use of undeclared identifier 'INT32'
  ('0' + ((SIZE / 10000)%10)),
           ^
/Users/parkgeonwoo/Documents/document/2022-2/ComputerVision/opencv-3.4.11/build/CMakeFiles/CheckTypeSize/int32.c:27:22: note: expanded from macro 'SIZE'
#define SIZE (sizeof(INT32))
                     ^
/Users/parkgeonwoo/Documents/document/2022-2/ComputerVision/opencv-3.4.11/build/CMakeFiles/CheckTypeSize/int32.c:30:12: error: use of undeclared identifier 'INT32'
  ('0' + ((SIZE / 1000)%10)),
           ^
/Users/parkgeonwoo/Documents/document/2022-2/ComputerVision/opencv-3.4.11/build/CMakeFiles/CheckTypeSize/int32.c:27:22: note: expanded from macro 'SIZE'
#define SIZE (sizeof(INT32))
                     ^
/Users/parkgeonwoo/Documents/document/2022-2/ComputerVision/opencv-3.4.11/build/CMakeFiles/CheckTypeSize/int32.c:31:12: error: use of undeclared identifier 'INT32'
  ('0' + ((SIZE / 100)%10)),
           ^
/Users/parkgeonwoo/Documents/document/2022-2/ComputerVision/opencv-3.4.11/build/CMakeFiles/CheckTypeSize/int32.c:27:22: note: expanded from macro 'SIZE'
#define SIZE (sizeof(INT32))
                     ^
/Users/parkgeonwoo/Documents/document/2022-2/ComputerVision/opencv-3.4.11/build/CMakeFiles/CheckTypeSize/int32.c:32:12: error: use of undeclared identifier 'INT32'
  ('0' + ((SIZE / 10)%10)),
           ^
/Users/parkgeonwoo/Documents/document/2022-2/ComputerVision/opencv-3.4.11/build/CMakeFiles/CheckTypeSize/int32.c:27:22: note: expanded from macro 'SIZE'
#define SIZE (sizeof(INT32))
                     ^
/Users/parkgeonwoo/Documents/document/2022-2/ComputerVision/opencv-3.4.11/build/CMakeFiles/CheckTypeSize/int32.c:33:12: error: use of undeclared identifier 'INT32'
  ('0' +  (SIZE    % 10)),
           ^
/Users/parkgeonwoo/Documents/document/2022-2/ComputerVision/opencv-3.4.11/build/CMakeFiles/CheckTypeSize/int32.c:27:22: note: expanded from macro 'SIZE'
#define SIZE (sizeof(INT32))
                     ^
5 errors generated.
make[1]: *** [CMakeFiles/cmTC_da4a8.dir/int32.c.o] Error 1
make: *** [cmTC_da4a8/fast] Error 2


/Users/parkgeonwoo/Documents/document/2022-2/ComputerVision/opencv-3.4.11/build/CMakeFiles/CheckTypeSize/int32.c:
#include <sys/types.h>
#include <stdint.h>
#include <stddef.h>


#undef KEY
#if defined(__i386)
# define KEY '_','_','i','3','8','6'
#elif defined(__x86_64)
# define KEY '_','_','x','8','6','_','6','4'
#elif defined(__PPC64__)
# define KEY '_','_','P','P','C','6','4','_','_'
#elif defined(__ppc64__)
# define KEY '_','_','p','p','c','6','4','_','_'
#elif defined(__PPC__)
# define KEY '_','_','P','P','C','_','_'
#elif defined(__ppc__)
# define KEY '_','_','p','p','c','_','_'
#elif defined(__aarch64__)
# define KEY '_','_','a','a','r','c','h','6','4','_','_'
#elif defined(__ARM_ARCH_7A__)
# define KEY '_','_','A','R','M','_','A','R','C','H','_','7','A','_','_'
#elif defined(__ARM_ARCH_7S__)
# define KEY '_','_','A','R','M','_','A','R','C','H','_','7','S','_','_'
#endif

#define SIZE (sizeof(INT32))
static char info_size[] =  {'I', 'N', 'F', 'O', ':', 's','i','z','e','[',
  ('0' + ((SIZE / 10000)%10)),
  ('0' + ((SIZE / 1000)%10)),
  ('0' + ((SIZE / 100)%10)),
  ('0' + ((SIZE / 10)%10)),
  ('0' +  (SIZE    % 10)),
  ']',
#ifdef KEY
  ' ','k','e','y','[', KEY, ']',
#endif
  '\0'};

#ifdef __CLASSIC_C__
int main(argc, argv) int argc; char *argv[];
#else
int main(int argc, char *argv[])
#endif
{
  int require = 0;
  require += info_size[argc];
  (void)argv;
  return require;
}


Build output check failed:
    Regex: 'unknown .*option'
    Output line: 'warning: unknown warning option '-Wno-maybe-uninitialized', did you mean '-Wno-uninitialized'? [-Wunknown-warning-option]'
Compilation failed:
    source file: '/Users/parkgeonwoo/Documents/document/2022-2/ComputerVision/opencv-3.4.11/build/CMakeFiles/CMakeTmp/src.c'
    check option: ' -Wno-maybe-uninitialized'
===== BUILD LOG =====
Change Dir: /Users/parkgeonwoo/Documents/document/2022-2/ComputerVision/opencv-3.4.11/build/CMakeFiles/CMakeTmp

Run Build Command(s):/usr/bin/make -f Makefile cmTC_1deb4/fast && /Applications/Xcode.app/Contents/Developer/usr/bin/make  -f CMakeFiles/cmTC_1deb4.dir/build.make CMakeFiles/cmTC_1deb4.dir/build
Building C object CMakeFiles/cmTC_1deb4.dir/src.c.o
/Applications/Xcode.app/Contents/Developer/Toolchains/XcodeDefault.xctoolchain/usr/bin/cc   -fsigned-char -W -Wall -Werror=return-type -Werror=non-virtual-dtor -Werror=address -Werror=sequence-point -Wformat -Werror=format-security -Wstrict-prototypes -Winit-self -Wpointer-arith -Wsign-promo -Wuninitialized -Winit-self -Wno-delete-non-virtual-dtor -Wno-unnamed-type-template-args -Wno-comment -Wno-deprecated-enum-enum-conversion -Wno-deprecated-anon-enum-enum-conversion -fdiagnostics-show-option -Wno-long-long -Qunused-arguments -Wno-semicolon-before-method-body -ffunction-sections -fdata-sections  -fvisibility=hidden -fvisibility-inlines-hidden -Wno-unused-but-set-variable -Wno-missing-prototypes -Wno-missing-declarations -Wno-undef -Wno-unused -Wno-sign-compare -Wno-cast-align -Wno-shadow  -O3 -DNDEBUG  -DNDEBUG -arch x86_64 -isysroot /Applications/Xcode.app/Contents/Developer/Platforms/MacOSX.platform/Developer/SDKs/MacOSX12.3.sdk -fPIE    -Wno-maybe-uninitialized -MD -MT CMakeFiles/cmTC_1deb4.dir/src.c.o -MF CMakeFiles/cmTC_1deb4.dir/src.c.o.d -o CMakeFiles/cmTC_1deb4.dir/src.c.o -c /Users/parkgeonwoo/Documents/document/2022-2/ComputerVision/opencv-3.4.11/build/CMakeFiles/CMakeTmp/src.c
warning: unknown warning option '-Wno-maybe-uninitialized'; did you mean '-Wno-uninitialized'? [-Wunknown-warning-option]
/Users/parkgeonwoo/Documents/document/2022-2/ComputerVision/opencv-3.4.11/build/CMakeFiles/CMakeTmp/src.c:1:8: warning: unknown pragma ignored [-Wunknown-pragmas]
#pragma
       ^
2 warnings generated.
Linking C executable cmTC_1deb4
/usr/local/Cellar/cmake/3.23.2/bin/cmake -E cmake_link_script CMakeFiles/cmTC_1deb4.dir/link.txt --verbose=1
/Applications/Xcode.app/Contents/Developer/Toolchains/XcodeDefault.xctoolchain/usr/bin/cc    -fsigned-char -W -Wall -Werror=return-type -Werror=non-virtual-dtor -Werror=address -Werror=sequence-point -Wformat -Werror=format-security -Wstrict-prototypes -Winit-self -Wpointer-arith -Wsign-promo -Wuninitialized -Winit-self -Wno-delete-non-virtual-dtor -Wno-unnamed-type-template-args -Wno-comment -Wno-deprecated-enum-enum-conversion -Wno-deprecated-anon-enum-enum-conversion -fdiagnostics-show-option -Wno-long-long -Qunused-arguments -Wno-semicolon-before-method-body -ffunction-sections -fdata-sections  -fvisibility=hidden -fvisibility-inlines-hidden -Wno-unused-but-set-variable -Wno-missing-prototypes -Wno-missing-declarations -Wno-undef -Wno-unused -Wno-sign-compare -Wno-cast-align -Wno-shadow  -O3 -DNDEBUG  -DNDEBUG -arch x86_64 -isysroot /Applications/Xcode.app/Contents/Developer/Platforms/MacOSX.platform/Developer/SDKs/MacOSX12.3.sdk -Wl,-search_paths_first -Wl,-headerpad_max_install_names   -Wl,-dead_strip  CMakeFiles/cmTC_1deb4.dir/src.c.o -o cmTC_1deb4 


===== END =====

Determining if the function sgemm_ exists failed with the following output:
Change Dir: /Users/parkgeonwoo/Documents/document/2022-2/ComputerVision/opencv-3.4.11/build/CMakeFiles/CMakeTmp

Run Build Command(s):/usr/bin/make -f Makefile cmTC_94d77/fast && /Applications/Xcode.app/Contents/Developer/usr/bin/make  -f CMakeFiles/cmTC_94d77.dir/build.make CMakeFiles/cmTC_94d77.dir/build
Building C object CMakeFiles/cmTC_94d77.dir/CheckFunctionExists.c.o
/Applications/Xcode.app/Contents/Developer/Toolchains/XcodeDefault.xctoolchain/usr/bin/cc   -fsigned-char -W -Wall -Werror=return-type -Werror=non-virtual-dtor -Werror=address -Werror=sequence-point -Wformat -Werror=format-security -Wmissing-declarations -Wmissing-prototypes -Wstrict-prototypes -Wundef -Winit-self -Wpointer-arith -Wshadow -Wsign-promo -Wuninitialized -Winit-self -Wno-delete-non-virtual-dtor -Wno-unnamed-type-template-args -Wno-comment -Wno-deprecated-enum-enum-conversion -Wno-deprecated-anon-enum-enum-conversion -fdiagnostics-show-option -Wno-long-long -Qunused-arguments -Wno-semicolon-before-method-body -ffunction-sections -fdata-sections  -fvisibility=hidden -fvisibility-inlines-hidden -DCHECK_FUNCTION_EXISTS=sgemm_ -O3 -DNDEBUG  -DNDEBUG -arch x86_64 -isysroot /Applications/Xcode.app/Contents/Developer/Platforms/MacOSX.platform/Developer/SDKs/MacOSX12.3.sdk -fPIE -MD -MT CMakeFiles/cmTC_94d77.dir/CheckFunctionExists.c.o -MF CMakeFiles/cmTC_94d77.dir/CheckFunctionExists.c.o.d -o CMakeFiles/cmTC_94d77.dir/CheckFunctionExists.c.o -c /usr/local/Cellar/cmake/3.23.2/share/cmake/Modules/CheckFunctionExists.c
Linking C executable cmTC_94d77
/usr/local/Cellar/cmake/3.23.2/bin/cmake -E cmake_link_script CMakeFiles/cmTC_94d77.dir/link.txt --verbose=1
/Applications/Xcode.app/Contents/Developer/Toolchains/XcodeDefault.xctoolchain/usr/bin/cc    -fsigned-char -W -Wall -Werror=return-type -Werror=non-virtual-dtor -Werror=address -Werror=sequence-point -Wformat -Werror=format-security -Wmissing-declarations -Wmissing-prototypes -Wstrict-prototypes -Wundef -Winit-self -Wpointer-arith -Wshadow -Wsign-promo -Wuninitialized -Winit-self -Wno-delete-non-virtual-dtor -Wno-unnamed-type-template-args -Wno-comment -Wno-deprecated-enum-enum-conversion -Wno-deprecated-anon-enum-enum-conversion -fdiagnostics-show-option -Wno-long-long -Qunused-arguments -Wno-semicolon-before-method-body -ffunction-sections -fdata-sections  -fvisibility=hidden -fvisibility-inlines-hidden -DCHECK_FUNCTION_EXISTS=sgemm_ -O3 -DNDEBUG  -DNDEBUG -arch x86_64 -isysroot /Applications/Xcode.app/Contents/Developer/Platforms/MacOSX.platform/Developer/SDKs/MacOSX12.3.sdk -Wl,-search_paths_first -Wl,-headerpad_max_install_names   -Wl,-dead_strip  CMakeFiles/cmTC_94d77.dir/CheckFunctionExists.c.o -o cmTC_94d77 
Undefined symbols for architecture x86_64:
  "_sgemm_", referenced from:
      _main in CheckFunctionExists.c.o
ld: symbol(s) not found for architecture x86_64
clang: error: linker command failed with exit code 1 (use -v to see invocation)
make[1]: *** [cmTC_94d77] Error 1
make: *** [cmTC_94d77/fast] Error 2



